ab
ansible
apr
apr-util
aspell
astyle
augeas
autoconf
automake
bash-completion
bash-git-prompt
boost
c-ares
ccat
certbot
cmake
coreutils
cowsay
dialog
docker-completion
dos2unix
eigen
erlang
espeak
ffmpeg
fltk
fontconfig
freetype
gd
gdb
gdbm
geoip
gettext
gifsicle
glib
gmp
gnutls
go
graphviz
htop
hunspell
ilmbase
imagemagick
jpeg
jpeg-turbo
jq
lame
libev
libevent
libffi
libgcrypt
libgpg-error
libksba
libpng
libssh2
libtasn1
libtiff
libtool
libwebsockets
libxml2
libyaml
make
maven
micro
midnight-commander
mongodb
mosquitto
nettle
nmap
node
oniguruma
opencv
opendetex
openexr
openssl
pcre
pkg-config
portaudio
postgresql
protobuf
python
python3
qpdf
rabbitmq
readline
s-lang
sbt
scala
scons
sqlite
swagger-codegen
thrift
tiger-vnc
tree
ttygif
ttyrec
vagrant-completion
watch
webp
wget
wireshark
wxmac
x264
xvid
xz
zlib
zsh
zsh-completions
